Removed Pin From Net: NetName=GND Pin=C7-1
Removed Pin From Net: NetName=GND Pin=C9-1
Removed Pin From Net: NetName=+12 Pin=C9-2
Removed Pin From Net: NetName=GND Pin=C14-1
Removed Pin From Net: NetName=NetP1_1 Pin=P1-1
Removed Pin From Net: NetName=GND Pin=P1-2
Removed Pin From Net: NetName=NetP3_1 Pin=P3-1
Removed Pin From Net: NetName=GND Pin=P3-2
Removed Pin From Net: NetName=+12 Pin=P4-1
Removed Pin From Net: NetName=GND Pin=P4-2
Removed Pin From Net: NetName=-12 Pin=P4-3
Removed Pin From Net: NetName=GND Pin=R4-1
Removed Pin From Net: NetName=NetJ2_1 Pin=R4-2
Removed Member From Class: ClassName=TDA2030 2.1 Member=P1
Removed Member From Class: ClassName=TDA2030 2.1 Member=P3
Removed Member From Class: ClassName=TDA2030 2.1 Member=P4
Change Component Footprint: Designator=J2 Old Footprint=Molex kk 3 New Footprint=Molex kk396 3P
Change Component Footprint: Designator=C2 Old Footprint=RAD-0.3 New Footprint=104
Change Component Footprint: Designator=C3 Old Footprint=RAD-0.3 New Footprint=104
Change Component Footprint: Designator=C7 Old Footprint=RAD-0.3 New Footprint=104
Change Component Footprint: Designator=C9 Old Footprint=RAD-0.3 New Footprint=104
Change Component Footprint: Designator=C10 Old Footprint=RAD-0.3 New Footprint=104
Change Component Footprint: Designator=C14 Old Footprint=RAD-0.3 New Footprint=104
Change Component Footprint: Designator=C4 Old Footprint=RB7.6-15 New Footprint=4.7uF 50V
Change Component Footprint: Designator=C11 Old Footprint=RB7.6-15 New Footprint=4.7uF 50V
Change Component Footprint: Designator=C5 Old Footprint=RB7.6-15 New Footprint=22uF 63V
Change Component Footprint: Designator=C12 Old Footprint=RB7.6-15 New Footprint=22uF 63V
Change Component Footprint: Designator=C1 Old Footprint=RB7.6-15 New Footprint=100uF 25V
Change Component Footprint: Designator=C8 Old Footprint=RB7.6-15 New Footprint=100uF 25V
Change Component Footprint: Designator=R5 Old Footprint=VR5 New Footprint=Pote doble
Change Component Comment : Designator=C4 Old Comment=4.7uF New Comment=4.7uF 50V
Change Component Comment : Designator=C11 Old Comment=4.7uF New Comment=4.7uF 50V
Change Component Comment : Designator=C5 Old Comment=22uF New Comment=22uF 63V
Change Component Comment : Designator=C12 Old Comment=22uF New Comment=22uF 63V
Change Component Comment : Designator=C1 Old Comment=100uF New Comment=100uF 25V
Change Component Comment : Designator=C8 Old Comment=100uF New Comment=100uF 25V
Change Component Comment : Designator=R5 Old Comment=RPot New Comment=Pot stereo
Change Component Designator: OldDesignator=J1 NewDesignator=J3
Change Component Designator: OldDesignator=R3 NewDesignator=R4
Added Component: Designator=*1(Molex kk396 3P)
Added Component: Designator=J1(TERMINAL 2P)
Add component (AddParameter): Name = "LatestRevisionDate"; Value = "17-Jul-2002"; VariantName = "[No Variations]"
Add component (AddParameter): Name = "LatestRevisionNote"; Value = "Re-released for DXP Platform."; VariantName = "[No Variations]"
Add component (AddParameter): Name = "Publisher"; Value = "Altium Limited"; VariantName = "[No Variations]"
Added Component: Designator=J4(TERMINAL 2P)
Add component (AddParameter): Name = "LatestRevisionDate"; Value = "17-Jul-2002"; VariantName = "[No Variations]"
Add component (AddParameter): Name = "LatestRevisionNote"; Value = "Re-released for DXP Platform."; VariantName = "[No Variations]"
Add component (AddParameter): Name = "Publisher"; Value = "Altium Limited"; VariantName = "[No Variations]"
Added Component: Designator=R3(Pote doble)
Add component (AddParameter): Name = "LatestRevisionDate"; Value = "17-Jul-2002"; VariantName = "[No Variations]"
Add component (AddParameter): Name = "LatestRevisionNote"; Value = "Re-released for DXP Platform."; VariantName = "[No Variations]"
Add component (AddParameter): Name = "PackageDescription"; Value = "Variable Resistor, Thru-Hole; 3 Leads"; VariantName = "[No Variations]"
Add component (AddParameter): Name = "PackageReference"; Value = "VR5"; VariantName = "[No Variations]"
Add component (AddParameter): Name = "Published"; Value = "8-Jun-2000"; VariantName = "[No Variations]"
Add component (AddParameter): Name = "Publisher"; Value = "Altium Limited"; VariantName = "[No Variations]"
Add component (AddParameter): Name = "Set Position"; Value = "0.5"; VariantName = "[No Variations]"
Add component (AddParameter): Name = "Sim Note"; Value = "Enter the Resistance value and the set point into parameter fields."; VariantName = "[No Variations]"
Add component (AddParameter): Name = "Value"; Value = "50K"; VariantName = "[No Variations]"
Added Component: Designator=U2(DIP-8)
Add component (AddParameter): Name = "ComponentLink1Description"; Value = "Manufacturer Link"; VariantName = "[No Variations]"
Add component (AddParameter): Name = "ComponentLink1URL"; Value = "http://www.ti.com/"; VariantName = "[No Variations]"
Add component (AddParameter): Name = "ComponentLink2Description"; Value = "Datasheet"; VariantName = "[No Variations]"
Add component (AddParameter): Name = "ComponentLink2URL"; Value = "http://www-s.ti.com/sc/ds/ne5532a.pdf"; VariantName = "[No Variations]"
Add component (AddParameter): Name = "DatasheetVersion"; Value = "May-1988"; VariantName = "[No Variations]"
Add component (AddParameter): Name = "LatestRevisionDate"; Value = "04-Mar-2005"; VariantName = "[No Variations]"
Add component (AddParameter): Name = "LatestRevisionNote"; Value = "Stylized 3D Model Added."; VariantName = "[No Variations]"
Add component (AddParameter): Name = "PackageDescription"; Value = "DIP; 8 Leads; Row Spacing 7.62 mm; Pitch 2.54 mm"; VariantName = "[No Variations]"
Add component (AddParameter): Name = "PackageReference"; Value = "JG008"; VariantName = "[No Variations]"
Add component (AddParameter): Name = "PackageVersion"; Value = "Jan-1995"; VariantName = "[No Variations]"
Add component (AddParameter): Name = "Published"; Value = "15-Apr-2002"; VariantName = "[No Variations]"
Add component (AddParameter): Name = "Publisher"; Value = "Altium Limited"; VariantName = "[No Variations]"
Added Pin To Net: NetName=+12 Pin=*1-1
Added Pin To Net: NetName=GND Pin=*1-2
Added Pin To Net: NetName=-12 Pin=*1-3
Added Pin To Net: NetName=GND Pin=C7-2
Added Pin To Net: NetName=+12 Pin=C9-1
Added Pin To Net: NetName=GND Pin=C9-2
Added Pin To Net: NetName=GND Pin=C14-2
Added Pin To Net: NetName=NetP1_1 Pin=J1-1
Added Pin To Net: NetName=GND Pin=J1-2
Added Pin To Net: NetName=NetP3_1 Pin=J4-1
Added Pin To Net: NetName=GND Pin=J4-2
Added Pin To Net: NetName=GND Pin=R3-1
Added Pin To Net: NetName=NetJ2_1 Pin=R3-2
Added Pin To Net: NetName=GND Pin=R3-4
Added Pin To Net: NetName=NetJ2_3 Pin=R3-5
Added Pin To Net: NetName=NetC13_2 Pin=R5-4
Added Pin To Net: NetName=NetC10_2 Pin=R5-5
Added Pin To Net: NetName=NetC10_2 Pin=R5-6
Added Pin To Net: NetName=NetC4_2 Pin=U2-2
Added Pin To Net: NetName=NetR7_2 Pin=U2-3
Added Pin To Net: NetName=-12 Pin=U2-4
Added Pin To Net: NetName=NetR16_2 Pin=U2-5
Added Pin To Net: NetName=NetC11_2 Pin=U2-6
Added Pin To Net: NetName=+12 Pin=U2-8
Change Net Name : Old Net Name=NetP1_1 New Net Name=NetJ1_1
Change Net Name : Old Net Name=NetP3_1 New Net Name=NetJ4_1
Added Pin To Net: NetName=NetC7_1 Pin=C7-1
Added Pin To Net: NetName=NetC7_1 Pin=R8-2
Added Net: Name=NetC7_1
Added Pin To Net: NetName=NetC14_1 Pin=C14-1
Added Pin To Net: NetName=NetC14_1 Pin=R17-2
Added Net: Name=NetC14_1
Added Pin To Net: NetName=NetR3_3 Pin=R3-3
Added Pin To Net: NetName=NetR3_3 Pin=R7-1
Added Pin To Net: NetName=NetR3_3 Pin=U2-1
Added Net: Name=NetR3_3
Added Pin To Net: NetName=NetR3_6 Pin=R3-6
Added Pin To Net: NetName=NetR3_6 Pin=R16-1
Added Pin To Net: NetName=NetR3_6 Pin=U2-7
Added Net: Name=NetR3_6
Added Member To Class: ClassName=TDA2030 2.1 Member=Component *1 Molex KK396 3P
Added Member To Class: ClassName=TDA2030 2.1 Member=Component J3 PJ324M
Added Member To Class: ClassName=TDA2030 2.1 Member=Component J4 TERMINAL 2P
Added Member To Class: ClassName=TDA2030 2.1 Member=Component U2 NE5532AJG
